Building DAG of jobs...
Using shell: /usr/bin/bash
Provided cores: 1 (use --cores to define parallelism)
Rules claiming more threads will be scaled down.
Conda environments: ignored
Job stats:
job             count
------------  -------
all                 1
process_data        1
total               2

Select jobs to execute...

[Fri Jul 11 21:51:15 2025]
rule process_data:
    input: data/input.txt
    output: results/output.txt, results/plot.pdf
    log: logs/process_data.log
    jobid: 1
    benchmark: benchmarks/process_data.txt
    reason: Missing output files: results/output.txt
    resources: tmpdir=/tmp

[Fri Jul 11 21:51:18 2025]
Finished job 1.
1 of 2 steps (50%) done
Select jobs to execute...

[Fri Jul 11 21:51:18 2025]
localrule all:
    input: results/output.txt
    jobid: 0
    reason: Input files updated by another job: results/output.txt
    resources: tmpdir=/tmp

[Fri Jul 11 21:51:18 2025]
Finished job 0.
2 of 2 steps (100%) done
Complete log: .snakemake/log/2025-07-11T215112.866412.snakemake.log
